<?xml version="1.0" encoding="UTF-8"?>
<testng-results ignored="0" total="1" passed="1" failed="0" skipped="0">
  <reporter-output>
  </reporter-output>
  <suite started-at="2025-06-27T18:12:01 IST" name="Default suite" finished-at="2025-06-27T18:12:07 IST" duration-ms="5688">
    <groups>
    </groups>
    <test started-at="2025-06-27T18:12:01 IST" name="Default test" finished-at="2025-06-27T18:12:07 IST" duration-ms="5688">
      <class name="stepDefinations.LoginTest">
        <test-method signature="openBrowser()[pri:0, instance:stepDefinations.LoginTest@6a6cb05c]" started-at="2025-06-27T18:12:01 IST" name="openBrowser" finished-at="2025-06-27T18:12:07 IST" duration-ms="5630" status="PASS">
          <reporter-output>
          </reporter-output>
        </test-method> <!-- openBrowser -->
      </class> <!-- stepDefinations.LoginTest -->
    </test> <!-- Default test -->
  </suite> <!-- Default suite -->
</testng-results>
